{
  "stats": {
    "suites": 1,
    "tests": 1,
    "passes": 1,
    "pending": 0,
    "failures": 0,
    "start": "2024-08-15T18:14:19.134Z",
    "end": "2024-08-15T18:14:29.056Z",
    "duration": 9922,
    "testsRegistered": 1,
    "passPercent": 100,
    "pendingPercent": 0,
    "other": 0,
    "hasOther": false,
    "skipped": 0,
    "hasSkipped": false
  },
  "results": [
    {
      "uuid": "82397424-8630-4425-8848-6390d2fa1564",
      "title": "",
      "fullFile": "cypress\\Integrations\\Ex\\Window2.js",
      "file": "cypress\\Integrations\\Ex\\Window2.js",
      "beforeHooks": [],
      "afterHooks": [],
      "tests": [],
      "suites": [
        {
          "uuid": "032eb610-aaa7-44cf-ae34-ee277a207ce2",
          "title": "Window",
          "fullFile": "",
          "file": "",
          "beforeHooks": [],
          "afterHooks": [],
          "tests": [
            {
              "title": "Window",
              "fullTitle": "Window Window",
              "timedOut": null,
              "duration": 5990,
              "state": "passed",
              "speed": "medium",
              "pass": true,
              "fail": false,
              "pending": false,
              "context": null,
              "code": "cy.visit('https://rahulshettyacademy.com/AutomationPractice/');\n//cy.get('.mouse-hover').contains('Top').click({force:true})\ncy.get('.mouse-hover-content').invoke('show');\ncy.contains('Top').click();\n// cy.url().should('contain.text','top')\n//equ(url).to.includes('top')",
              "err": {},
              "uuid": "fbbe5ecd-945f-4986-b3ae-297545fa2cc5",
              "parentUUID": "032eb610-aaa7-44cf-ae34-ee277a207ce2",
              "isHook": false,
              "skipped": false
            }
          ],
          "suites": [],
          "passes": [
            "fbbe5ecd-945f-4986-b3ae-297545fa2cc5"
          ],
          "failures": [],
          "pending": [],
          "skipped": [],
          "duration": 5990,
          "root": false,
          "rootEmpty": false,
          "_timeout": 2000
        }
      ],
      "passes": [],
      "failures": [],
      "pending": [],
      "skipped": [],
      "duration": 0,
      "root": true,
      "rootEmpty": true,
      "_timeout": 2000
    }
  ],
  "meta": {
    "mocha": {
      "version": "7.0.1"
    },
    "mochawesome": {
      "options": {
        "quiet": false,
        "reportFilename": "mochawesome",
        "saveHtml": true,
        "saveJson": true,
        "consoleReporter": "spec",
        "useInlineDiffs": false,
        "code": true
      },
      "version": "7.1.3"
    },
    "marge": {
      "options": null,
      "version": "6.2.0"
    }
  }
}